
*** Running vivado
    with args -log v5pcieDMA.vdi -applog -m64 -messageDb vivado.pb -mode batch -source v5pcieDMA.tcl -notrace


****** Vivado v2014.2 (64-bit)
  **** SW Build 932637 on Wed Jun 11 13:08:52 MDT 2014
  **** IP Build 924643 on Fri May 30 09:20:16 MDT 2014
    ** Copyright 1986-2014 Xilinx, Inc. All Rights Reserved.

source v5pcieDMA.tcl -notrace
CRITICAL WARNING: [Board 49-4] Problem parsing board_part file - /opt/Xilinx/Vivado/2014.2/data/boards/board_parts/zynq/zc706/0.9/board_part.xml, The board part 'xc7z045ffg900-2' is either not supported or invalid.
CRITICAL WARNING: [Board 49-4] Problem parsing board_part file - /opt/Xilinx/Vivado/2014.2/data/boards/board_parts/zynq/zc706/1.0/board_part.xml, The board part 'xc7z045ffg900-2' is either not supported or invalid.
CRITICAL WARNING: [Board 49-4] Problem parsing board_part file - /opt/Xilinx/Vivado/2014.2/data/boards/board_parts/kintex7/kc705/0.9/board_part.xml, The board part 'xc7k325tffg900-2' is either not supported or invalid.
CRITICAL WARNING: [Board 49-4] Problem parsing board_part file - /opt/Xilinx/Vivado/2014.2/data/boards/board_parts/kintex7/kc705/1.0/board_part.xml, The board part 'xc7k325tffg900-2' is either not supported or invalid.
Design is defaulting to srcset: sources_1
Design is defaulting to constrset: constrs_1
INFO: [Project 1-454] Reading design checkpoint '/home/vladimir/TESTDIFFAC/acprv16bit/acprv16bit.runs/fifonew_synth_1/fifonew.dcp' for cell 'queue_buffer/U0'
INFO: [Project 1-454] Reading design checkpoint '/home/vladimir/TESTDIFFAC/acprv16bit/acprv16bit.runs/v6_sfifo_15x128_synth_1/v6_sfifo_15x128.dcp' for cell 'theTlpControl/rx_Itf/Downstream_DMA_Engine/DMA_DSP_Buffer'
INFO: [Project 1-454] Reading design checkpoint '/home/vladimir/TESTDIFFAC/acprv16bit/acprv16bit.runs/v6_sfifo_15x128_synth_1/v6_sfifo_15x128.dcp' for cell 'theTlpControl/rx_Itf/MRd_Channel/pioCplD_Buffer'
INFO: [Project 1-454] Reading design checkpoint '/home/vladimir/TESTDIFFAC/acprv16bit/acprv16bit.runs/v6_sfifo_15x128_synth_1/v6_sfifo_15x128.dcp' for cell 'theTlpControl/rx_Itf/Upstream_DMA_Engine/US_TLP_Buffer'
INFO: [Project 1-454] Reading design checkpoint '/home/vladimir/TESTDIFFAC/acprv16bit/acprv16bit.runs/v6_mBuf_128x72_synth_1/v6_mBuf_128x72.dcp' for cell 'theTlpControl/tx_Itf/ABB_Tx_MBuffer'
INFO: [Project 1-454] Reading design checkpoint '/home/vladimir/TESTDIFFAC/acprv16bit/acprv16bit.runs/pcie_7x_0_synth_1/pcie_7x_0.dcp' for cell 'make4Lanes.pcieCore/v7_pcie_i/pcie_7x_0_i'
INFO: [Netlist 29-17] Analyzing 409 Unisim elements for replacement
INFO: [Netlist 29-28] Unisim Transformation completed in 0 CPU seconds
INFO: [Project 1-479] Netlist was created with Vivado 2014.2
Loading clock regions from /opt/Xilinx/Vivado/2014.2/data/parts/xilinx/artix7/artix7/xc7a200t/ClockRegion.xml
Loading clock buffers from /opt/Xilinx/Vivado/2014.2/data/parts/xilinx/artix7/artix7/xc7a200t/ClockBuffers.xml
Loading clock placement rules from /opt/Xilinx/Vivado/2014.2/data/parts/xilinx/artix7/ClockPlacerRules.xml
Loading package pin functions from /opt/Xilinx/Vivado/2014.2/data/parts/xilinx/artix7/PinFunctions.xml...
Loading package from /opt/Xilinx/Vivado/2014.2/data/parts/xilinx/artix7/artix7/xc7a200t/fbg484/Package.xml
Loading io standards from /opt/Xilinx/Vivado/2014.2/data/./parts/xilinx/artix7/IOStandards.xml
Loading device configuration modes from /opt/Xilinx/Vivado/2014.2/data/parts/xilinx/artix7/ConfigModes.xml
INFO: [Opt 31-140] Inserted 8 IBUFs to IO ports without IO buffers.
INFO: [Opt 31-141] Inserted 8 OBUFs to IO ports without IO buffers.
Parsing XDC File [/home/vladimir/TESTDIFFAC/acprv16bit/acprv16bit.srcs/sources_1/ip/fifonew/fifonew/fifonew.xdc] for cell 'queue_buffer/U0/U0'
Finished Parsing XDC File [/home/vladimir/TESTDIFFAC/acprv16bit/acprv16bit.srcs/sources_1/ip/fifonew/fifonew/fifonew.xdc] for cell 'queue_buffer/U0/U0'
Parsing XDC File [/home/vladimir/TESTDIFFAC/acprv16bit/acprv16bit.srcs/sources_1/ip/v6_sfifo_15x128/v6_sfifo_15x128/v6_sfifo_15x128.xdc] for cell 'theTlpControl/rx_Itf/Downstream_DMA_Engine/DMA_DSP_Buffer/U0'
Finished Parsing XDC File [/home/vladimir/TESTDIFFAC/acprv16bit/acprv16bit.srcs/sources_1/ip/v6_sfifo_15x128/v6_sfifo_15x128/v6_sfifo_15x128.xdc] for cell 'theTlpControl/rx_Itf/Downstream_DMA_Engine/DMA_DSP_Buffer/U0'
Parsing XDC File [/home/vladimir/TESTDIFFAC/acprv16bit/acprv16bit.srcs/sources_1/ip/v6_sfifo_15x128/v6_sfifo_15x128/v6_sfifo_15x128.xdc] for cell 'theTlpControl/rx_Itf/Upstream_DMA_Engine/US_TLP_Buffer/U0'
Finished Parsing XDC File [/home/vladimir/TESTDIFFAC/acprv16bit/acprv16bit.srcs/sources_1/ip/v6_sfifo_15x128/v6_sfifo_15x128/v6_sfifo_15x128.xdc] for cell 'theTlpControl/rx_Itf/Upstream_DMA_Engine/US_TLP_Buffer/U0'
Parsing XDC File [/home/vladimir/TESTDIFFAC/acprv16bit/acprv16bit.srcs/sources_1/ip/v6_sfifo_15x128/v6_sfifo_15x128/v6_sfifo_15x128.xdc] for cell 'theTlpControl/rx_Itf/MRd_Channel/pioCplD_Buffer/U0'
Finished Parsing XDC File [/home/vladimir/TESTDIFFAC/acprv16bit/acprv16bit.srcs/sources_1/ip/v6_sfifo_15x128/v6_sfifo_15x128/v6_sfifo_15x128.xdc] for cell 'theTlpControl/rx_Itf/MRd_Channel/pioCplD_Buffer/U0'
Parsing XDC File [/home/vladimir/TESTDIFFAC/acprv16bit/acprv16bit.srcs/sources_1/ip/v6_mBuf_128x72/v6_mBuf_128x72/v6_mBuf_128x72.xdc] for cell 'theTlpControl/tx_Itf/ABB_Tx_MBuffer/U0'
Finished Parsing XDC File [/home/vladimir/TESTDIFFAC/acprv16bit/acprv16bit.srcs/sources_1/ip/v6_mBuf_128x72/v6_mBuf_128x72/v6_mBuf_128x72.xdc] for cell 'theTlpControl/tx_Itf/ABB_Tx_MBuffer/U0'
Parsing XDC File [/home/vladimir/TESTDIFFAC/acprv16bit/acprv16bit.srcs/sources_1/ip/pcie_7x_0/source/pcie_7x_0-PCIE_X0Y0.xdc] for cell 'make4Lanes.pcieCore/v7_pcie_i/pcie_7x_0_i/U0'
Finished Parsing XDC File [/home/vladimir/TESTDIFFAC/acprv16bit/acprv16bit.srcs/sources_1/ip/pcie_7x_0/source/pcie_7x_0-PCIE_X0Y0.xdc] for cell 'make4Lanes.pcieCore/v7_pcie_i/pcie_7x_0_i/U0'
Parsing XDC File [/home/vladimir/TESTDIFFAC/acprv16bit/acprv16bit.srcs/constrs_1/imports/cern1.git/pcie_x4_dma.xdc]
Finished Parsing XDC File [/home/vladimir/TESTDIFFAC/acprv16bit/acprv16bit.srcs/constrs_1/imports/cern1.git/pcie_x4_dma.xdc]
INFO: [Project 1-538] Ignoring constraints in dcp '/home/vladimir/TESTDIFFAC/acprv16bit/acprv16bit.runs/fifonew_synth_1/fifonew.dcp'
INFO: [Project 1-538] Ignoring constraints in dcp '/home/vladimir/TESTDIFFAC/acprv16bit/acprv16bit.runs/v6_sfifo_15x128_synth_1/v6_sfifo_15x128.dcp'
INFO: [Project 1-538] Ignoring constraints in dcp '/home/vladimir/TESTDIFFAC/acprv16bit/acprv16bit.runs/v6_sfifo_15x128_synth_1/v6_sfifo_15x128.dcp'
INFO: [Project 1-538] Ignoring constraints in dcp '/home/vladimir/TESTDIFFAC/acprv16bit/acprv16bit.runs/v6_sfifo_15x128_synth_1/v6_sfifo_15x128.dcp'
INFO: [Project 1-538] Ignoring constraints in dcp '/home/vladimir/TESTDIFFAC/acprv16bit/acprv16bit.runs/v6_mBuf_128x72_synth_1/v6_mBuf_128x72.dcp'
INFO: [Project 1-538] Ignoring constraints in dcp '/home/vladimir/TESTDIFFAC/acprv16bit/acprv16bit.runs/pcie_7x_0_synth_1/pcie_7x_0.dcp'
Parsing XDC File [/home/vladimir/TESTDIFFAC/acprv16bit/acprv16bit.srcs/sources_1/ip/fifonew/fifonew/fifonew_clocks.xdc] for cell 'queue_buffer/U0/U0'
INFO: [Timing 38-35] Done setting XDC timing constraints. [/home/vladimir/TESTDIFFAC/acprv16bit/acprv16bit.srcs/sources_1/ip/fifonew/fifonew/fifonew_clocks.xdc:53]
INFO: [Timing 38-2] Deriving generated clocks [/home/vladimir/TESTDIFFAC/acprv16bit/acprv16bit.srcs/sources_1/ip/fifonew/fifonew/fifonew_clocks.xdc:53]
WARNING: [Vivado 12-1008] No clocks found for command 'get_clocks -of_objects [get_pins queue_buffer/U0/U0/wr_clk]'. [/home/vladimir/TESTDIFFAC/acprv16bit/acprv16bit.srcs/sources_1/ip/fifonew/fifonew/fifonew_clocks.xdc:53]
INFO: [Vivado 12-626] No clocks found. Please use 'create_clock' or 'create_generated_clock' command to create clocks. [/home/vladimir/TESTDIFFAC/acprv16bit/acprv16bit.srcs/sources_1/ip/fifonew/fifonew/fifonew_clocks.xdc:53]
get_clocks: Time (s): cpu = 00:00:11 ; elapsed = 00:00:10 . Memory (MB): peak = 1483.098 ; gain = 427.438
CRITICAL WARNING: [Common 17-55] 'get_property' expects at least one object. [/home/vladimir/TESTDIFFAC/acprv16bit/acprv16bit.srcs/sources_1/ip/fifonew/fifonew/fifonew_clocks.xdc:61]
Finished Parsing XDC File [/home/vladimir/TESTDIFFAC/acprv16bit/acprv16bit.srcs/sources_1/ip/fifonew/fifonew/fifonew_clocks.xdc] for cell 'queue_buffer/U0/U0'
INFO: [Opt 31-138] Pushed 0 inverter(s) to 0 load pin(s).
INFO: [Project 1-111] Unisim Transformation Summary:
No Unisim elements were transformed.

link_design: Time (s): cpu = 00:00:18 ; elapsed = 00:00:18 . Memory (MB): peak = 1483.098 ; gain = 739.488
Command: opt_design
Attempting to get a license for feature 'Implementation' and/or device 'xc7a200t'
INFO: [Common 17-349] Got license for feature 'Implementation' and/or device 'xc7a200t'
Running DRC as a precondition to command opt_design

Starting DRC Task
INFO: [Drc 23-27] Running DRC with 4 threads
INFO: [Project 1-461] DRC finished with 0 Errors
INFO: [Project 1-462] Please refer to the DRC report (report_drc) for more information.

Time (s): cpu = 00:00:00.29 ; elapsed = 00:00:00.29 . Memory (MB): peak = 1489.102 ; gain = 5.004

Starting Logic Optimization Task

Phase 1 Retarget

INFO: [Opt 31-138] Pushed 2 inverter(s) to 35 load pin(s).
INFO: [Opt 31-49] Retargeted 0 cell(s).
Phase 1 Retarget | Checksum: 16508a06d

Time (s): cpu = 00:00:00.49 ; elapsed = 00:00:00.49 . Memory (MB): peak = 1489.102 ; gain = 0.000

Phase 2 Constant Propagation
INFO: [Opt 31-138] Pushed 0 inverter(s) to 0 load pin(s).
INFO: [Opt 31-10] Eliminated 1627 cells.
Phase 2 Constant Propagation | Checksum: 15bce8200

Time (s): cpu = 00:00:02 ; elapsed = 00:00:02 . Memory (MB): peak = 1489.102 ; gain = 0.000

Phase 3 Sweep
INFO: [Opt 31-12] Eliminated 10511 unconnected nets.
INFO: [Opt 31-140] Inserted 0 IBUFs to IO ports without IO buffers.
INFO: [Opt 31-141] Inserted 0 OBUFs to IO ports without IO buffers.
INFO: [Opt 31-11] Eliminated 8956 unconnected cells.
Phase 3 Sweep | Checksum: 13b7581db

Time (s): cpu = 00:00:05 ; elapsed = 00:00:05 . Memory (MB): peak = 1489.102 ; gain = 0.000
Ending Logic Optimization Task | Checksum: 13b7581db

Time (s): cpu = 00:00:05 ; elapsed = 00:00:05 . Memory (MB): peak = 1489.102 ; gain = 0.000
Implement Debug Cores | Checksum: 1499d29fc
Logic Optimization | Checksum: 1499d29fc

Starting Power Optimization Task
INFO: [Pwropt 34-132] Will skip clock gating for clocks with period < 3.12 ns.
INFO: [Pwropt 34-9] Applying IDT optimizations ...
INFO: [Pwropt 34-10] Applying ODC optimizations ...


Starting PowerOpt Patch Enables Task
INFO: [Pwropt 34-162] WRITE_MODE attribute of 0 BRAM(s) out of a total of 8 has been updated to save power.
    Run report_power_opt to get a complete listing of the BRAMs updated.
INFO: [Pwropt 34-201] Structural ODC has moved 0 WE to EN ports
Number of BRAM Ports augmented: 0 newly gated: 0 Total Ports: 16
Ending PowerOpt Patch Enables Task | Checksum: 13b7581db

Time (s): cpu = 00:00:00 ; elapsed = 00:00:00.01 . Memory (MB): peak = 1561.109 ; gain = 0.000
Ending Power Optimization Task | Checksum: 13b7581db

Time (s): cpu = 00:00:01 ; elapsed = 00:00:01 . Memory (MB): peak = 1561.109 ; gain = 72.008
INFO: [Common 17-83] Releasing license: Implementation
40 Infos, 1 Warnings, 5 Critical Warnings and 0 Errors encountered.
opt_design completed successfully
opt_design: Time (s): cpu = 00:00:06 ; elapsed = 00:00:06 . Memory (MB): peak = 1561.109 ; gain = 78.008
Writing XDEF routing.
Writing XDEF routing logical nets.
Writing XDEF routing special nets.
Write XDEF Complete: Time (s): cpu = 00:00:00.12 ; elapsed = 00:00:00.12 . Memory (MB): peak = 1561.113 ; gain = 0.000
Command: place_design
Attempting to get a license for feature 'Implementation' and/or device 'xc7a200t'
INFO: [Common 17-349] Got license for feature 'Implementation' and/or device 'xc7a200t'
Running DRC as a precondition to command place_design
INFO: [Drc 23-27] Running DRC with 4 threads
INFO: [Vivado_Tcl 4-198] DRC finished with 0 Errors
INFO: [Vivado_Tcl 4-199] Please refer to the DRC report (report_drc) for more information.

Starting Placer Task
INFO: [Place 30-611] Multithreading enabled for place_design using a maximum of 4 CPUs

Phase 1 Placer Runtime Estimator
Phase 1 Placer Runtime Estimator | Checksum: aeca28fe

Time (s): cpu = 00:00:00.06 ; elapsed = 00:00:00.06 . Memory (MB): peak = 1561.113 ; gain = 0.000

Phase 2 Placer Initialization

Phase 2.1 Placer Initialization Core
Netlist sorting complete. Time (s): cpu = 00:00:00 ; elapsed = 00:00:00 . Memory (MB): peak = 1561.113 ; gain = 0.000

Phase 2.1.1 Mandatory Logic Optimization
Netlist sorting complete. Time (s): cpu = 00:00:00.01 ; elapsed = 00:00:00.01 . Memory (MB): peak = 1561.113 ; gain = 0.000
Phase 2.1.1 Mandatory Logic Optimization | Checksum: 28408ab9

Time (s): cpu = 00:00:00.08 ; elapsed = 00:00:00.08 . Memory (MB): peak = 1561.113 ; gain = 0.000

Phase 2.1.2 Build Super Logic Region (SLR) Database
Phase 2.1.2 Build Super Logic Region (SLR) Database | Checksum: 28408ab9

Time (s): cpu = 00:00:00.11 ; elapsed = 00:00:00.11 . Memory (MB): peak = 1561.113 ; gain = 0.000

Phase 2.1.3 Add Constraints
Phase 2.1.3 Add Constraints | Checksum: 28408ab9

Time (s): cpu = 00:00:00.12 ; elapsed = 00:00:00.11 . Memory (MB): peak = 1561.113 ; gain = 0.000

Phase 2.1.4 Build Shapes/ HD Config

Phase 2.1.4.1 Build Macros
Phase 2.1.4.1 Build Macros | Checksum: 66084379

Time (s): cpu = 00:00:00.41 ; elapsed = 00:00:00.41 . Memory (MB): peak = 1585.121 ; gain = 24.008
Phase 2.1.4 Build Shapes/ HD Config | Checksum: 66084379

Time (s): cpu = 00:00:00.42 ; elapsed = 00:00:00.41 . Memory (MB): peak = 1585.121 ; gain = 24.008

Phase 2.1.5 IO Placement/ Clock Placement/ Build Placer Device

Phase 2.1.5.1 Pre-Place Cells
Phase 2.1.5.1 Pre-Place Cells | Checksum: 28408ab9

Time (s): cpu = 00:00:00.43 ; elapsed = 00:00:00.42 . Memory (MB): peak = 1585.121 ; gain = 24.008
INFO: [Timing 38-35] Done setting XDC timing constraints.

Phase 2.1.5.2 IO & Clk Clean Up
Phase 2.1.5.2 IO & Clk Clean Up | Checksum: 28408ab9

Time (s): cpu = 00:00:02 ; elapsed = 00:00:02 . Memory (MB): peak = 1585.121 ; gain = 24.008

Phase 2.1.5.3 Implementation Feasibility check On IDelay
Phase 2.1.5.3 Implementation Feasibility check On IDelay | Checksum: 28408ab9

Time (s): cpu = 00:00:02 ; elapsed = 00:00:02 . Memory (MB): peak = 1585.121 ; gain = 24.008

Phase 2.1.5.4 Commit IO Placement
Phase 2.1.5.4 Commit IO Placement | Checksum: e3d9d162

Time (s): cpu = 00:00:02 ; elapsed = 00:00:02 . Memory (MB): peak = 1585.121 ; gain = 24.008
Phase 2.1.5 IO Placement/ Clock Placement/ Build Placer Device | Checksum: 121a18a22

Time (s): cpu = 00:00:02 ; elapsed = 00:00:02 . Memory (MB): peak = 1585.121 ; gain = 24.008

Phase 2.1.6 Build Placer Netlist Model

Phase 2.1.6.1 Place Init Design

Phase 2.1.6.1.1 Init Lut Pin Assignment
Phase 2.1.6.1.1 Init Lut Pin Assignment | Checksum: 1f1b7a024

Time (s): cpu = 00:00:02 ; elapsed = 00:00:02 . Memory (MB): peak = 1585.121 ; gain = 24.008

Phase 2.1.6.1.2 Build Clock Data
Phase 2.1.6.1.2 Build Clock Data | Checksum: 19d6630dd

Time (s): cpu = 00:00:03 ; elapsed = 00:00:02 . Memory (MB): peak = 1585.121 ; gain = 24.008

Phase 2.1.6.1.3 setBudgets in placeInitDesign
Phase 2.1.6.1.3 setBudgets in placeInitDesign | Checksum: 1358083a9

Time (s): cpu = 00:00:03 ; elapsed = 00:00:02 . Memory (MB): peak = 1585.121 ; gain = 24.008
Phase 2.1.6.1 Place Init Design | Checksum: 1a9b3561b

Time (s): cpu = 00:00:03 ; elapsed = 00:00:02 . Memory (MB): peak = 1585.121 ; gain = 24.008
Phase 2.1.6 Build Placer Netlist Model | Checksum: 1a9b3561b

Time (s): cpu = 00:00:03 ; elapsed = 00:00:02 . Memory (MB): peak = 1585.121 ; gain = 24.008

Phase 2.1.7 Constrain Clocks/Macros

Phase 2.1.7.1 Constrain Global/Regional Clocks
Phase 2.1.7.1 Constrain Global/Regional Clocks | Checksum: 1a9b3561b

Time (s): cpu = 00:00:03 ; elapsed = 00:00:02 . Memory (MB): peak = 1585.121 ; gain = 24.008
Phase 2.1.7 Constrain Clocks/Macros | Checksum: 1a9b3561b

Time (s): cpu = 00:00:03 ; elapsed = 00:00:02 . Memory (MB): peak = 1585.121 ; gain = 24.008
Phase 2.1 Placer Initialization Core | Checksum: 1a9b3561b

Time (s): cpu = 00:00:03 ; elapsed = 00:00:02 . Memory (MB): peak = 1585.121 ; gain = 24.008
Phase 2 Placer Initialization | Checksum: 1a9b3561b

Time (s): cpu = 00:00:03 ; elapsed = 00:00:02 . Memory (MB): peak = 1585.121 ; gain = 24.008

Phase 3 Global Placement

Phase 3.1 Run Budgeter
Phase 3.1 Run Budgeter | Checksum: 1710f7c1e

Time (s): cpu = 00:00:05 ; elapsed = 00:00:03 . Memory (MB): peak = 1585.121 ; gain = 24.008
Phase 3 Global Placement | Checksum: 1ef0e8b6a

Time (s): cpu = 00:00:12 ; elapsed = 00:00:06 . Memory (MB): peak = 1585.121 ; gain = 24.008

Phase 4 Detail Placement

Phase 4.1 Commit Multi Column Macros
Phase 4.1 Commit Multi Column Macros | Checksum: 1ef0e8b6a

Time (s): cpu = 00:00:12 ; elapsed = 00:00:06 . Memory (MB): peak = 1585.121 ; gain = 24.008

Phase 4.2 Commit Most Macros & LUTRAMs
Phase 4.2 Commit Most Macros & LUTRAMs | Checksum: 1e45881a7

Time (s): cpu = 00:00:13 ; elapsed = 00:00:06 . Memory (MB): peak = 1585.121 ; gain = 24.008

Phase 4.3 Area Swap Optimization
Phase 4.3 Area Swap Optimization | Checksum: 1ad114f86

Time (s): cpu = 00:00:13 ; elapsed = 00:00:06 . Memory (MB): peak = 1585.121 ; gain = 24.008

Phase 4.4 Timing Path Optimizer
Phase 4.4 Timing Path Optimizer | Checksum: 18f711689

Time (s): cpu = 00:00:14 ; elapsed = 00:00:07 . Memory (MB): peak = 1585.121 ; gain = 24.008

Phase 4.5 Commit Small Macros & Core Logic

Phase 4.5.1 setBudgets
Phase 4.5.1 setBudgets | Checksum: 19d94544a

Time (s): cpu = 00:00:14 ; elapsed = 00:00:07 . Memory (MB): peak = 1585.121 ; gain = 24.008
Phase 4.5 Commit Small Macros & Core Logic | Checksum: 173d48625

Time (s): cpu = 00:00:15 ; elapsed = 00:00:08 . Memory (MB): peak = 1609.133 ; gain = 48.020

Phase 4.6 Re-assign LUT pins
Phase 4.6 Re-assign LUT pins | Checksum: 173d48625

Time (s): cpu = 00:00:15 ; elapsed = 00:00:08 . Memory (MB): peak = 1609.133 ; gain = 48.020
Phase 4 Detail Placement | Checksum: 173d48625

Time (s): cpu = 00:00:15 ; elapsed = 00:00:08 . Memory (MB): peak = 1609.133 ; gain = 48.020

Phase 5 Post Placement Optimization and Clean-Up

Phase 5.1 PCOPT Shape updates
Phase 5.1 PCOPT Shape updates | Checksum: 118195f72

Time (s): cpu = 00:00:15 ; elapsed = 00:00:08 . Memory (MB): peak = 1609.133 ; gain = 48.020

Phase 5.2 Post Placement Optimization

Phase 5.2.1 Post Placement Timing Optimization

Phase 5.2.1.1 Restore Best Placement
Phase 5.2.1.1 Restore Best Placement | Checksum: 9e552291

Time (s): cpu = 00:01:01 ; elapsed = 00:00:54 . Memory (MB): peak = 1609.133 ; gain = 48.020

Phase 5.2.1.2 updateTiming after Restore Best Placement
Phase 5.2.1.2 updateTiming after Restore Best Placement | Checksum: 9e552291

Time (s): cpu = 00:01:01 ; elapsed = 00:00:54 . Memory (MB): peak = 1609.133 ; gain = 48.020
INFO: [Place 30-746] Post Placement Timing Summary WNS=-1.073. For the most accurate timing information please run report_timing.
Phase 5.2.1 Post Placement Timing Optimization | Checksum: 9e552291

Time (s): cpu = 00:01:01 ; elapsed = 00:00:54 . Memory (MB): peak = 1609.133 ; gain = 48.020
Phase 5.2 Post Placement Optimization | Checksum: 9e552291

Time (s): cpu = 00:01:01 ; elapsed = 00:00:54 . Memory (MB): peak = 1609.133 ; gain = 48.020

Phase 5.3 Post Placement Cleanup
Phase 5.3 Post Placement Cleanup | Checksum: 9e552291

Time (s): cpu = 00:01:01 ; elapsed = 00:00:54 . Memory (MB): peak = 1609.133 ; gain = 48.020

Phase 5.4 Placer Reporting

Phase 5.4.1 Restore STA
Phase 5.4.1 Restore STA | Checksum: 9e552291

Time (s): cpu = 00:01:01 ; elapsed = 00:00:54 . Memory (MB): peak = 1609.133 ; gain = 48.020
Phase 5.4 Placer Reporting | Checksum: 9e552291

Time (s): cpu = 00:01:01 ; elapsed = 00:00:54 . Memory (MB): peak = 1609.133 ; gain = 48.020

Phase 5.5 Final Placement Cleanup
Phase 5.5 Final Placement Cleanup | Checksum: d82e1cfb

Time (s): cpu = 00:01:01 ; elapsed = 00:00:54 . Memory (MB): peak = 1609.133 ; gain = 48.020
Phase 5 Post Placement Optimization and Clean-Up | Checksum: d82e1cfb

Time (s): cpu = 00:01:01 ; elapsed = 00:00:54 . Memory (MB): peak = 1609.133 ; gain = 48.020
Ending Placer Task | Checksum: 79600116

Time (s): cpu = 00:01:01 ; elapsed = 00:00:54 . Memory (MB): peak = 1609.133 ; gain = 48.020
INFO: [Common 17-83] Releasing license: Implementation
48 Infos, 1 Warnings, 5 Critical Warnings and 0 Errors encountered.
place_design completed successfully
place_design: Time (s): cpu = 00:01:01 ; elapsed = 00:00:55 . Memory (MB): peak = 1609.133 ; gain = 48.020
Writing XDEF routing.
Writing XDEF routing logical nets.
Writing XDEF routing special nets.
Write XDEF Complete: Time (s): cpu = 00:00:00.26 ; elapsed = 00:00:00.26 . Memory (MB): peak = 1609.137 ; gain = 0.000
report_utilization: Time (s): cpu = 00:00:00.12 ; elapsed = 00:00:00.17 . Memory (MB): peak = 1609.137 ; gain = 0.000
Command: route_design
Attempting to get a license for feature 'Implementation' and/or device 'xc7a200t'
INFO: [Common 17-349] Got license for feature 'Implementation' and/or device 'xc7a200t'
Running DRC as a precondition to command route_design
INFO: [Drc 23-27] Running DRC with 4 threads
INFO: [Vivado_Tcl 4-198] DRC finished with 0 Errors
INFO: [Vivado_Tcl 4-199] Please refer to the DRC report (report_drc) for more information.


Starting Routing Task
INFO: [Route 35-254] Multithreading enabled for route_design using a maximum of 4 CPUs

Starting Route Task

Phase 1 Build RT Design
Phase 1 Build RT Design | Checksum: 176bea099

Time (s): cpu = 00:00:44 ; elapsed = 00:00:36 . Memory (MB): peak = 1798.617 ; gain = 182.484

Phase 2 Router Initialization

Phase 2.1 Create Timer
Phase 2.1 Create Timer | Checksum: 176bea099

Time (s): cpu = 00:00:44 ; elapsed = 00:00:36 . Memory (MB): peak = 1798.621 ; gain = 182.488
 Number of Nodes with overlaps = 0

Phase 2.2 Update Timing
Phase 2.2 Update Timing | Checksum: 13e2fa600

Time (s): cpu = 00:00:47 ; elapsed = 00:00:37 . Memory (MB): peak = 1839.133 ; gain = 223.000
INFO: [Route 35-57] Estimated Timing Summary | WNS=-1.05  | TNS=-31.2  | WHS=-0.801 | THS=-355   |

Phase 2 Router Initialization | Checksum: d97fdc31

Time (s): cpu = 00:00:48 ; elapsed = 00:00:38 . Memory (MB): peak = 1839.133 ; gain = 223.000

Phase 3 Initial Routing
Phase 3 Initial Routing | Checksum: 18002406b

Time (s): cpu = 00:00:51 ; elapsed = 00:00:39 . Memory (MB): peak = 1839.133 ; gain = 223.000

Phase 4 Rip-up And Reroute

Phase 4.1 Global Iteration 0
 Number of Nodes with overlaps = 505
 Number of Nodes with overlaps = 95
 Number of Nodes with overlaps = 26
 Number of Nodes with overlaps = 7
 Number of Nodes with overlaps = 3
 Number of Nodes with overlaps = 1
 Number of Nodes with overlaps = 0

Phase 4.1.1 Update Timing
Phase 4.1.1 Update Timing | Checksum: b83f4485

Time (s): cpu = 00:00:58 ; elapsed = 00:00:42 . Memory (MB): peak = 1839.133 ; gain = 223.000
INFO: [Route 35-57] Estimated Timing Summary | WNS=-1.06  | TNS=-50.8  | WHS=N/A    | THS=N/A    |


Phase 4.1.2 GlobIterForTiming

Phase 4.1.2.1 Update Timing
Phase 4.1.2.1 Update Timing | Checksum: f28b42b6

Time (s): cpu = 00:00:58 ; elapsed = 00:00:42 . Memory (MB): peak = 1839.133 ; gain = 223.000

Phase 4.1.2.2 Fast Budgeting
Phase 4.1.2.2 Fast Budgeting | Checksum: f28b42b6

Time (s): cpu = 00:00:58 ; elapsed = 00:00:42 . Memory (MB): peak = 1839.133 ; gain = 223.000
Phase 4.1.2 GlobIterForTiming | Checksum: 15fb69997

Time (s): cpu = 00:00:58 ; elapsed = 00:00:42 . Memory (MB): peak = 1839.133 ; gain = 223.000
Phase 4.1 Global Iteration 0 | Checksum: 15fb69997

Time (s): cpu = 00:00:58 ; elapsed = 00:00:42 . Memory (MB): peak = 1839.133 ; gain = 223.000

Phase 4.2 Global Iteration 1
 Number of Nodes with overlaps = 139
 Number of Nodes with overlaps = 69
 Number of Nodes with overlaps = 15
 Number of Nodes with overlaps = 10
 Number of Nodes with overlaps = 1
 Number of Nodes with overlaps = 2
 Number of Nodes with overlaps = 0

Phase 4.2.1 Update Timing
Phase 4.2.1 Update Timing | Checksum: 1bbf6d7e0

Time (s): cpu = 00:01:01 ; elapsed = 00:00:44 . Memory (MB): peak = 1839.133 ; gain = 223.000
INFO: [Route 35-57] Estimated Timing Summary | WNS=-1.06  | TNS=-38.5  | WHS=N/A    | THS=N/A    |

Phase 4.2 Global Iteration 1 | Checksum: 1669c3c10

Time (s): cpu = 00:01:01 ; elapsed = 00:00:44 . Memory (MB): peak = 1839.133 ; gain = 223.000

Phase 4.3 Global Iteration 2
 Number of Nodes with overlaps = 0

Phase 4.3.1 Update Timing
Phase 4.3.1 Update Timing | Checksum: 129a4548f

Time (s): cpu = 00:01:01 ; elapsed = 00:00:44 . Memory (MB): peak = 1839.133 ; gain = 223.000
INFO: [Route 35-57] Estimated Timing Summary | WNS=-1.06  | TNS=-38.5  | WHS=N/A    | THS=N/A    |

Phase 4.3 Global Iteration 2 | Checksum: 129a4548f

Time (s): cpu = 00:01:01 ; elapsed = 00:00:44 . Memory (MB): peak = 1839.133 ; gain = 223.000
Phase 4 Rip-up And Reroute | Checksum: 129a4548f

Time (s): cpu = 00:01:01 ; elapsed = 00:00:44 . Memory (MB): peak = 1839.133 ; gain = 223.000

Phase 5 Delay CleanUp

Phase 5.1 Update Timing
Phase 5.1 Update Timing | Checksum: 129a4548f

Time (s): cpu = 00:01:02 ; elapsed = 00:00:44 . Memory (MB): peak = 1839.133 ; gain = 223.000
INFO: [Route 35-57] Estimated Timing Summary | WNS=-1.06  | TNS=-25    | WHS=N/A    | THS=N/A    |

 Number of Nodes with overlaps = 0
Phase 5 Delay CleanUp | Checksum: 13180c6d5

Time (s): cpu = 00:01:03 ; elapsed = 00:00:45 . Memory (MB): peak = 1852.133 ; gain = 236.000

Phase 6 Clock Skew Optimization
Phase 6 Clock Skew Optimization | Checksum: 13180c6d5

Time (s): cpu = 00:01:03 ; elapsed = 00:00:45 . Memory (MB): peak = 1852.133 ; gain = 236.000

Phase 7 Post Hold Fix

Phase 7.1 Update Timing
Phase 7.1 Update Timing | Checksum: 13180c6d5

Time (s): cpu = 00:01:04 ; elapsed = 00:00:45 . Memory (MB): peak = 1852.133 ; gain = 236.000
INFO: [Route 35-57] Estimated Timing Summary | WNS=-1.06  | TNS=-18    | WHS=0.00778| THS=0      |

Phase 7 Post Hold Fix | Checksum: 13180c6d5

Time (s): cpu = 00:01:04 ; elapsed = 00:00:45 . Memory (MB): peak = 1852.133 ; gain = 236.000

Phase 8 Route finalize

Router Utilization Summary
  Global Vertical Routing Utilization    = 0.407896 %
  Global Horizontal Routing Utilization  = 0.438962 %
  Routable Net Status*
  *Does not include unroutable nets such as driverless and loadless.
  Run report_route_status for detailed report.
  Number of Failed Nets               = 0
  Number of Unrouted Nets             = 0
  Number of Partially Routed Nets     = 0
  Number of Node Overlaps             = 0

Congestion Report
North Dir 1x1 Area, Max Cong = 43.2432%, No Congested Regions.
South Dir 1x1 Area, Max Cong = 49.5495%, No Congested Regions.
East Dir 1x1 Area, Max Cong = 42.6471%, No Congested Regions.
West Dir 1x1 Area, Max Cong = 52.9412%, No Congested Regions.
Phase 8 Route finalize | Checksum: 13180c6d5

Time (s): cpu = 00:01:04 ; elapsed = 00:00:45 . Memory (MB): peak = 1852.133 ; gain = 236.000

Phase 9 Verifying routed nets

 Verification completed successfully
Phase 9 Verifying routed nets | Checksum: 13180c6d5

Time (s): cpu = 00:01:04 ; elapsed = 00:00:45 . Memory (MB): peak = 1852.133 ; gain = 236.000

Phase 10 Depositing Routes
Phase 10 Depositing Routes | Checksum: 15b11aa40

Time (s): cpu = 00:01:04 ; elapsed = 00:00:45 . Memory (MB): peak = 1852.133 ; gain = 236.000

Phase 11 Post Router Timing
INFO: [Route 35-57] Estimated Timing Summary | WNS=-1.06  | TNS=-18    | WHS=0.00778| THS=0      |

WARNING: [Route 35-328] Router estimated timing not met.
Resolution: For a complete and accurate timing signoff, report_timing_summary must be run after route_design. Alternatively, route_design can be run with the -timing_summary option to enable a complete timing signoff at the end of route_design.
Phase 11 Post Router Timing | Checksum: 15b11aa40

Time (s): cpu = 00:01:04 ; elapsed = 00:00:45 . Memory (MB): peak = 1852.133 ; gain = 236.000
INFO: [Route 35-16] Router Completed Successfully
Ending Route Task | Checksum: 15b11aa40

Time (s): cpu = 00:01:04 ; elapsed = 00:00:45 . Memory (MB): peak = 1852.133 ; gain = 236.000

Routing Is Done.

Time (s): cpu = 00:01:04 ; elapsed = 00:00:45 . Memory (MB): peak = 1852.137 ; gain = 236.004
INFO: [Common 17-83] Releasing license: Implementation
62 Infos, 2 Warnings, 5 Critical Warnings and 0 Errors encountered.
route_design completed successfully
route_design: Time (s): cpu = 00:01:05 ; elapsed = 00:00:46 . Memory (MB): peak = 1852.137 ; gain = 243.000
Writing XDEF routing.
Writing XDEF routing logical nets.
Writing XDEF routing special nets.
Write XDEF Complete: Time (s): cpu = 00:00:00.35 ; elapsed = 00:00:00.35 . Memory (MB): peak = 1852.137 ; gain = 0.000
INFO: [Drc 23-27] Running DRC with 4 threads
INFO: [Coretcl 2-168] The results of DRC are in file /home/vladimir/TESTDIFFAC/acprv16bit/acprv16bit.runs/impl_1/v5pcieDMA_drc_routed.rpt.
INFO: [Timing 38-91] UpdateTimingParams: Speed grade: -1, Delay Type: min_max, Constraints type: SDC.
INFO: [Timing 38-191] Multithreading enabled for timing update using a maximum of 4 CPUs
CRITICAL WARNING: [Timing 38-282] The design failed to meet the timing requirements. Please see the timing summary report for details on the timing violations.
Running Vector-less Activity Propagation...

Finished Running Vector-less Activity Propagation
CRITICAL WARNING: [Designutils 20-247] GTPE2_CHANNEL data rate of 5.0000 Gb/s is out of range. The valid Range is between 0.5000 - 3.7500  Gb/s for power estimation. Please check the configuration and clocking.
CRITICAL WARNING: [Designutils 20-247] GTPE2_CHANNEL data rate of 5.0000 Gb/s is out of range. The valid Range is between 0.5000 - 3.7500  Gb/s for power estimation. Please check the configuration and clocking.
CRITICAL WARNING: [Designutils 20-247] GTPE2_CHANNEL data rate of 5.0000 Gb/s is out of range. The valid Range is between 0.5000 - 3.7500  Gb/s for power estimation. Please check the configuration and clocking.
CRITICAL WARNING: [Designutils 20-247] GTPE2_CHANNEL data rate of 5.0000 Gb/s is out of range. The valid Range is between 0.5000 - 3.7500  Gb/s for power estimation. Please check the configuration and clocking.
INFO: [Common 17-206] Exiting Vivado at Tue Feb 10 17:02:54 2015...

*** Running vivado
    with args -log v5pcieDMA.vdi -applog -m64 -messageDb vivado.pb -mode batch -source v5pcieDMA.tcl -notrace


****** Vivado v2014.2 (64-bit)
  **** SW Build 932637 on Wed Jun 11 13:08:52 MDT 2014
  **** IP Build 924643 on Fri May 30 09:20:16 MDT 2014
    ** Copyright 1986-2014 Xilinx, Inc. All Rights Reserved.

source v5pcieDMA.tcl -notrace
Command: open_checkpoint v5pcieDMA_routed.dcp
CRITICAL WARNING: [Board 49-4] Problem parsing board_part file - /opt/Xilinx/Vivado/2014.2/data/boards/board_parts/zynq/zc706/0.9/board_part.xml, The board part 'xc7z045ffg900-2' is either not supported or invalid.
CRITICAL WARNING: [Board 49-4] Problem parsing board_part file - /opt/Xilinx/Vivado/2014.2/data/boards/board_parts/zynq/zc706/1.0/board_part.xml, The board part 'xc7z045ffg900-2' is either not supported or invalid.
CRITICAL WARNING: [Board 49-4] Problem parsing board_part file - /opt/Xilinx/Vivado/2014.2/data/boards/board_parts/kintex7/kc705/0.9/board_part.xml, The board part 'xc7k325tffg900-2' is either not supported or invalid.
CRITICAL WARNING: [Board 49-4] Problem parsing board_part file - /opt/Xilinx/Vivado/2014.2/data/boards/board_parts/kintex7/kc705/1.0/board_part.xml, The board part 'xc7k325tffg900-2' is either not supported or invalid.
INFO: [Netlist 29-17] Analyzing 38 Unisim elements for replacement
INFO: [Netlist 29-28] Unisim Transformation completed in 0 CPU seconds
INFO: [Project 1-479] Netlist was created with Vivado 2014.2
Loading clock regions from /opt/Xilinx/Vivado/2014.2/data/parts/xilinx/artix7/artix7/xc7a200t/ClockRegion.xml
Loading clock buffers from /opt/Xilinx/Vivado/2014.2/data/parts/xilinx/artix7/artix7/xc7a200t/ClockBuffers.xml
Loading clock placement rules from /opt/Xilinx/Vivado/2014.2/data/parts/xilinx/artix7/ClockPlacerRules.xml
Loading package pin functions from /opt/Xilinx/Vivado/2014.2/data/parts/xilinx/artix7/PinFunctions.xml...
Loading package from /opt/Xilinx/Vivado/2014.2/data/parts/xilinx/artix7/artix7/xc7a200t/fbg484/Package.xml
Loading io standards from /opt/Xilinx/Vivado/2014.2/data/./parts/xilinx/artix7/IOStandards.xml
Loading device configuration modes from /opt/Xilinx/Vivado/2014.2/data/parts/xilinx/artix7/ConfigModes.xml
Parsing XDC File [/home/vladimir/TESTDIFFAC/acprv16bit/acprv16bit.runs/impl_1/.Xil/Vivado-22529-ubuntu/dcp/v5pcieDMA_early.xdc]
Finished Parsing XDC File [/home/vladimir/TESTDIFFAC/acprv16bit/acprv16bit.runs/impl_1/.Xil/Vivado-22529-ubuntu/dcp/v5pcieDMA_early.xdc]
Parsing XDC File [/home/vladimir/TESTDIFFAC/acprv16bit/acprv16bit.runs/impl_1/.Xil/Vivado-22529-ubuntu/dcp/v5pcieDMA.xdc]
Finished Parsing XDC File [/home/vladimir/TESTDIFFAC/acprv16bit/acprv16bit.runs/impl_1/.Xil/Vivado-22529-ubuntu/dcp/v5pcieDMA.xdc]
Parsing XDC File [/home/vladimir/TESTDIFFAC/acprv16bit/acprv16bit.runs/impl_1/.Xil/Vivado-22529-ubuntu/dcp/v5pcieDMA_late.xdc]
Finished Parsing XDC File [/home/vladimir/TESTDIFFAC/acprv16bit/acprv16bit.runs/impl_1/.Xil/Vivado-22529-ubuntu/dcp/v5pcieDMA_late.xdc]
Reading XDEF placement.
Reading XDEF routing.
Read XDEF File: Time (s): cpu = 00:00:00.21 ; elapsed = 00:00:00.21 . Memory (MB): peak = 1032.203 ; gain = 2.000
Restoring placement.
Restored 741 out of 741 XDEF sites from archive | CPU: 0.600000 secs | Memory: 5.329567 MB |
INFO: [Opt 31-138] Pushed 0 inverter(s) to 0 load pin(s).
INFO: [Project 1-111] Unisim Transformation Summary:
No Unisim elements were transformed.

INFO: [Project 1-484] Checkpoint was created with build 932637
open_checkpoint: Time (s): cpu = 00:00:06 ; elapsed = 00:00:06 . Memory (MB): peak = 1034.203 ; gain = 301.609
Attempting to get a license for feature 'Implementation' and/or device 'xc7a200t'
INFO: [Common 17-349] Got license for feature 'Implementation' and/or device 'xc7a200t'
Running DRC as a precondition to command write_bitstream
INFO: [Drc 23-27] Running DRC with 4 threads
INFO: [Vivado 12-3199] DRC finished with 0 Errors, 1 Warnings
INFO: [Vivado 12-3200] Please refer to the DRC report (report_drc) for more information.
Loading data files...
Loading site data...
Loading route data...
Processing options...
Creating bitmap...
Creating bitstream...
Writing bitstream ./v5pcieDMA.bit...
INFO: [Vivado 12-1842] Bitgen Completed Successfully.
INFO: [Project 1-120] WebTalk data collection is mandatory for users of free Webpack licenses. To see the specific WebTalk data collected for your design, open the usage_statistics_webtalk.html or usage_statistics_webtalk.xml file in the implementation directory.
INFO: [Common 17-185] WebTalk report has not been sent to Xilinx. Please check your network and proxy settings.
INFO: [Common 17-83] Releasing license: Implementation
write_bitstream: Time (s): cpu = 00:00:43 ; elapsed = 00:00:46 . Memory (MB): peak = 1425.680 ; gain = 391.477
INFO: [Common 17-206] Exiting Vivado at Tue Feb 10 17:08:49 2015...
